<?xml version="1.0" encoding="UTF-8"?>
<!-- Generated by org.testng.reporters.JUnitReportReporter -->
<testsuite skipped="0" hostname="DESKTOP-U68A7E0" name="com.CucumberSFWithPOMUpgrade.Runner.LoginRunner" tests="3" failures="0" timestamp="2025-09-01T15:36:15 PDT" time="0.189" errors="1">
  <testcase name="runScenario" time="0.074" classname="com.CucumberSFWithPOMUpgrade.Runner.LoginRunner">
    <error type="io.cucumber.testng.UndefinedStepException" message="The step &#039;i click remember me check box&#039; and 3 other step(s) are undefined.
You can implement these steps using the snippet(s) below:

@When(&quot;i click remember me check box&quot;)
public void i_click_remember_me_check_box() {
    // Write code here that turns the phrase above into concrete actions
    throw new io.cucumber.java.PendingException();
}
@When(&quot;i click usermenu dropdown&quot;)
public void i_click_usermenu_dropdown() {
    // Write code here that turns the phrase above into concrete actions
    throw new io.cucumber.java.PendingException();
}
@When(&quot;i click logout&quot;)
public void i_click_logout() {
    // Write code here that turns the phrase above into concrete actions
    throw new io.cucumber.java.PendingException();
}
@Then(&quot;i validate username remember validation&quot;)
public void i_validate_username_remember_validation() {
    // Write code here that turns the phrase above into concrete actions
    throw new io.cucumber.java.PendingException();
}
">
      <![CDATA[io.cucumber.testng.UndefinedStepException: The step 'i click remember me check box' and 3 other step(s) are undefined.
You can implement these steps using the snippet(s) below:

@When("i click remember me check box")
public void i_click_remember_me_check_box() {
    // Write code here that turns the phrase above into concrete actions
    throw new io.cucumber.java.PendingException();
}
@When("i click usermenu dropdown")
public void i_click_usermenu_dropdown() {
    // Write code here that turns the phrase above into concrete actions
    throw new io.cucumber.java.PendingException();
}
@When("i click logout")
public void i_click_logout() {
    // Write code here that turns the phrase above into concrete actions
    throw new io.cucumber.java.PendingException();
}
@Then("i validate username remember validation")
public void i_validate_username_remember_validation() {
    // Write code here that turns the phrase above into concrete actions
    throw new io.cucumber.java.PendingException();
}

at âœ½.i click remember me check box(file:///C:/Users/poong/eclipse-workspace2025/com.CucumberSFWithPOMUpgrade/src/test/resources/features/Login.feature:25)
]]>
    </error>
  </testcase> <!-- runScenario -->
  <system-out/>
  <testcase name="runScenario" time="0.013" classname="com.CucumberSFWithPOMUpgrade.Runner.LoginRunner"/>
  <system-out/>
  <testcase name="runScenario" time="0.102" classname="com.CucumberSFWithPOMUpgrade.Runner.LoginRunner"/>
  <system-out/>
</testsuite> <!-- com.CucumberSFWithPOMUpgrade.Runner.LoginRunner -->
